# JRE version: Java(TM) SE Runtime Environment (8.0_101-b13) (build 1.8.0_101-b13)
# Java VM: Java HotSpot(TM) 64-Bit Server VM (25.101-b13 mixed mode linux-amd64 compressed oops)
Heap:
 PSYoungGen      total 211456K, used 1002K [0x00000000eb980000, 0x00000000f9480000, 0x0000000100000000)
  eden space 198656K, 0% used [0x00000000eb980000,0x00000000eb980000,0x00000000f7b80000)
  from space 12800K, 7% used [0x00000000f7b80000,0x00000000f7c7aa80,0x00000000f8800000)
  to   space 12288K, 0% used [0x00000000f8880000,0x00000000f8880000,0x00000000f9480000)
 ParOldGen       total 42496K, used 22169K [0x00000000c2c00000, 0x00000000c5580000, 0x00000000eb980000)
  object space 42496K, 52% used [0x00000000c2c00000,0x00000000c41a67b8,0x00000000c5580000)
 Metaspace       used 4985K, capacity 5620K, committed 5760K, reserved 1056768K
  class space    used 534K, capacity 560K, committed 640K, reserved 1048576K
GC Heap History (10 events):
Event: 13.907 GC heap after
Heap after GC invocations=6 (full 0):
 PSYoungGen      total 69120K, used 7152K [0x00000000eb980000, 0x00000000f0880000, 0x0000000100000000)
  eden space 61952K, 0% used [0x00000000eb980000,0x00000000eb980000,0x00000000ef600000)
  from space 7168K, 99% used [0x00000000efe80000,0x00000000f057c010,0x00000000f0580000)
  to   space 8704K, 0% used [0x00000000ef600000,0x00000000ef600000,0x00000000efe80000)
 ParOldGen       total 42496K, used 8101K [0x00000000c2c00000, 0x00000000c5580000, 0x00000000eb980000)
  object space 42496K, 19% used [0x00000000c2c00000,0x00000000c33e9428,0x00000000c5580000)
 Metaspace       used 4967K, capacity 5620K, committed 5760K, reserved 1056768K
  class space    used 533K, capacity 560K, committed 640K, reserved 1048576K
}
Event: 18.379 GC heap before
{Heap before GC invocations=7 (full 0):
 PSYoungGen      total 69120K, used 69104K [0x00000000eb980000, 0x00000000f0880000, 0x0000000100000000)
  eden space 61952K, 100% used [0x00000000eb980000,0x00000000ef600000,0x00000000ef600000)
  from space 7168K, 99% used [0x00000000efe80000,0x00000000f057c010,0x00000000f0580000)
  to   space 8704K, 0% used [0x00000000ef600000,0x00000000ef600000,0x00000000efe80000)
 ParOldGen       total 42496K, used 8101K [0x00000000c2c00000, 0x00000000c5580000, 0x00000000eb980000)
  object space 42496K, 19% used [0x00000000c2c00000,0x00000000c33e9428,0x00000000c5580000)
 Metaspace       used 4969K, capacity 5620K, committed 5760K, reserved 1056768K
  class space    used 533K, capacity 560K, committed 640K, reserved 1048576K
Event: 18.425 GC heap after
Heap after GC invocations=7 (full 0):
 PSYoungGen      total 70656K, used 8675K [0x00000000eb980000, 0x00000000f4b80000, 0x0000000100000000)
  eden space 61952K, 0% used [0x00000000eb980000,0x00000000eb980000,0x00000000ef600000)
  from space 8704K, 99% used [0x00000000ef600000,0x00000000efe78d40,0x00000000efe80000)
  to   space 12800K, 0% used [0x00000000f3f00000,0x00000000f3f00000,0x00000000f4b80000)
 ParOldGen       total 42496K, used 13273K [0x00000000c2c00000, 0x00000000c5580000, 0x00000000eb980000)
  object space 42496K, 31% used [0x00000000c2c00000,0x00000000c38f6648,0x00000000c5580000)
 Metaspace       used 4969K, capacity 5620K, committed 5760K, reserved 1056768K
  class space    used 533K, capacity 560K, committed 640K, reserved 1048576K
}
Event: 18.592 GC heap before
{Heap before GC invocations=8 (full 0):
 PSYoungGen      total 70656K, used 70627K [0x00000000eb980000, 0x00000000f4b80000, 0x0000000100000000)
  eden space 61952K, 100% used [0x00000000eb980000,0x00000000ef600000,0x00000000ef600000)
  from space 8704K, 99% used [0x00000000ef600000,0x00000000efe78d40,0x00000000efe80000)
  to   space 12800K, 0% used [0x00000000f3f00000,0x00000000f3f00000,0x00000000f4b80000)
 ParOldGen       total 42496K, used 13273K [0x00000000c2c00000, 0x00000000c5580000, 0x00000000eb980000)
  object space 42496K, 31% used [0x00000000c2c00000,0x00000000c38f6648,0x00000000c5580000)
 Metaspace       used 4969K, capacity 5620K, committed 5760K, reserved 1056768K
  class space    used 533K, capacity 560K, committed 640K, reserved 1048576K
Event: 18.632 GC heap after
Heap after GC invocations=8 (full 0):
 PSYoungGen      total 136704K, used 8032K [0x00000000eb980000, 0x00000000f4b80000, 0x0000000100000000)
  eden space 123904K, 0% used [0x00000000eb980000,0x00000000eb980000,0x00000000f3280000)
  from space 12800K, 62% used [0x00000000f3f00000,0x00000000f46d8000,0x00000000f4b80000)
  to   space 12800K, 0% used [0x00000000f3280000,0x00000000f3280000,0x00000000f3f00000)
 ParOldGen       total 42496K, used 13281K [0x00000000c2c00000, 0x00000000c5580000, 0x00000000eb980000)
  object space 42496K, 31% used [0x00000000c2c00000,0x00000000c38f8648,0x00000000c5580000)
 Metaspace       used 4969K, capacity 5620K, committed 5760K, reserved 1056768K
  class space    used 533K, capacity 560K, committed 640K, reserved 1048576K
}
Event: 25.997 GC heap before
{Heap before GC invocations=9 (full 0):
 PSYoungGen      total 136704K, used 131936K [0x00000000eb980000, 0x00000000f4b80000, 0x0000000100000000)
  eden space 123904K, 100% used [0x00000000eb980000,0x00000000f3280000,0x00000000f3280000)
  from space 12800K, 62% used [0x00000000f3f00000,0x00000000f46d8000,0x00000000f4b80000)
  to   space 12800K, 0% used [0x00000000f3280000,0x00000000f3280000,0x00000000f3f00000)
 ParOldGen       total 42496K, used 13281K [0x00000000c2c00000, 0x00000000c5580000, 0x00000000eb980000)
  object space 42496K, 31% used [0x00000000c2c00000,0x00000000c38f8648,0x00000000c5580000)
 Metaspace       used 4970K, capacity 5620K, committed 5760K, reserved 1056768K
  class space    used 533K, capacity 560K, committed 640K, reserved 1048576K
Event: 26.078 GC heap after
Heap after GC invocations=9 (full 0):
 PSYoungGen      total 136704K, used 9632K [0x00000000eb980000, 0x00000000f9580000, 0x0000000100000000)
  eden space 123904K, 0% used [0x00000000eb980000,0x00000000eb980000,0x00000000f3280000)
  from space 12800K, 75% used [0x00000000f3280000,0x00000000f3be8000,0x00000000f3f00000)
  to   space 13312K, 0% used [0x00000000f8880000,0x00000000f8880000,0x00000000f9580000)
 ParOldGen       total 42496K, used 17637K [0x00000000c2c00000, 0x00000000c5580000, 0x00000000eb980000)
  object space 42496K, 41% used [0x00000000c2c00000,0x00000000c3d39700,0x00000000c5580000)
 Metaspace       used 4970K, capacity 5620K, committed 5760K, reserved 1056768K
  class space    used 533K, capacity 560K, committed 640K, reserved 1048576K
}
Event: 34.198 GC heap before
{Heap before GC invocations=10 (full 0):
 PSYoungGen      total 136704K, used 133536K [0x00000000eb980000, 0x00000000f9580000, 0x0000000100000000)
  eden space 123904K, 100% used [0x00000000eb980000,0x00000000f3280000,0x00000000f3280000)
  from space 12800K, 75% used [0x00000000f3280000,0x00000000f3be8000,0x00000000f3f00000)
  to   space 13312K, 0% used [0x00000000f8880000,0x00000000f8880000,0x00000000f9580000)
 ParOldGen       total 42496K, used 17637K [0x00000000c2c00000, 0x00000000c5580000, 0x00000000eb980000)
  object space 42496K, 41% used [0x00000000c2c00000,0x00000000c3d39700,0x00000000c5580000)
 Metaspace       used 4978K, capacity 5620K, committed 5760K, reserved 1056768K
  class space    used 533K, capacity 560K, committed 640K, reserved 1048576K
Event: 34.279 GC heap after
Heap after GC invocations=10 (full 0):
 PSYoungGen      total 210944K, used 6432K [0x00000000eb980000, 0x00000000f9480000, 0x0000000100000000)
  eden space 198656K, 0% used [0x00000000eb980000,0x00000000eb980000,0x00000000f7b80000)
  from space 12288K, 52% used [0x00000000f8880000,0x00000000f8ec8000,0x00000000f9480000)
  to   space 12800K, 0% used [0x00000000f7b80000,0x00000000f7b80000,0x00000000f8800000)
 ParOldGen       total 42496K, used 21289K [0x00000000c2c00000, 0x00000000c5580000, 0x00000000eb980000)
  object space 42496K, 50% used [0x00000000c2c00000,0x00000000c40ca7b8,0x00000000c5580000)
 Metaspace       used 4978K, capacity 5620K, committed 5760K, reserved 1056768K
  class space    used 533K, capacity 560K, committed 640K, reserved 1048576K
}
Event: 43.415 GC heap before
{Heap before GC invocations=11 (full 0):
 PSYoungGen      total 210944K, used 205088K [0x00000000eb980000, 0x00000000f9480000, 0x0000000100000000)
  eden space 198656K, 100% used [0x00000000eb980000,0x00000000f7b80000,0x00000000f7b80000)
  from space 12288K, 52% used [0x00000000f8880000,0x00000000f8ec8000,0x00000000f9480000)
  to   space 12800K, 0% used [0x00000000f7b80000,0x00000000f7b80000,0x00000000f8800000)
 ParOldGen       total 42496K, used 21289K [0x00000000c2c00000, 0x00000000c5580000, 0x00000000eb980000)
  object space 42496K, 50% used [0x00000000c2c00000,0x00000000c40ca7b8,0x00000000c5580000)
 Metaspace       used 4985K, capacity 5620K, committed 5760K, reserved 1056768K
  class space    used 534K, capacity 560K, committed 640K, reserved 1048576K

